2025-04-08 23:44:27.593723 - Received CBT.V508.FILE124.PDS from FILE124.XMI 
2025-04-08 23:44:27.596249 - Found $$$#DATE.txt (text/plain) in CBT.V508.FILE124.PDS, moved to PDS/$$$#DATE
2025-04-08 23:44:27.596946 - Found $$$DOC.txt (text/plain) in CBT.V508.FILE124.PDS, moved to PDS/$$$DOC
2025-04-08 23:44:27.597563 - Found @FILE124.txt (text/plain) in CBT.V508.FILE124.PDS, moved to PDS/@FILE124
2025-04-08 23:44:27.598178 - Found AUTH.txt (text/plain) in CBT.V508.FILE124.PDS, moved to PDS/AUTH
2025-04-08 23:44:27.598780 - Found BPPL.txt (text/plain) in CBT.V508.FILE124.PDS, moved to PDS/BPPL
2025-04-08 23:44:27.599334 - Found EDPRD.txt (text/plain) in CBT.V508.FILE124.PDS, moved to PDS/EDPRD
2025-04-08 23:44:27.599906 - Found EDPRT.txt (text/plain) in CBT.V508.FILE124.PDS, moved to PDS/EDPRT
2025-04-08 23:44:27.600447 - Found EDSCR.txt (text/plain) in CBT.V508.FILE124.PDS, moved to PDS/EDSCR
2025-04-08 23:44:27.601027 - Found ENTERR.txt (text/plain) in CBT.V508.FILE124.PDS, moved to PDS/ENTERR
2025-04-08 23:44:27.601630 - Found GDGUTIL.txt (text/plain) in CBT.V508.FILE124.PDS, moved to PDS/GDGUTIL
2025-04-08 23:44:27.602190 - Found GDGUTILP.txt (text/plain) in CBT.V508.FILE124.PDS, moved to PDS/GDGUTILP
2025-04-08 23:44:27.602786 - Found IGC0023C.txt (text/plain) in CBT.V508.FILE124.PDS, moved to PDS/IGC0023C
2025-04-08 23:44:27.603380 - Found IKJCVT.txt (text/plain) in CBT.V508.FILE124.PDS, moved to PDS/IKJCVT
2025-04-08 23:44:27.603969 - Found ISR@PDOC.txt (text/plain) in CBT.V508.FILE124.PDS, moved to PDS/ISR@PDOC
2025-04-08 23:44:27.604592 - Found ISR@PRIM.txt (text/plain) in CBT.V508.FILE124.PDS, moved to PDS/ISR@PRIM
2025-04-08 23:44:27.605087 - Found KPPL.txt (text/plain) in CBT.V508.FILE124.PDS, moved to PDS/KPPL
2025-04-08 23:44:27.605647 - Found LEAVER.txt (text/plain) in CBT.V508.FILE124.PDS, moved to PDS/LEAVER
2025-04-08 23:44:27.606184 - Found MOVE.txt (text/plain) in CBT.V508.FILE124.PDS, moved to PDS/MOVE
2025-04-08 23:44:27.606684 - Found PDPANL.txt (text/plain) in CBT.V508.FILE124.PDS, moved to PDS/PDPANL
2025-04-08 23:44:27.607303 - Found PRPANL.txt (text/plain) in CBT.V508.FILE124.PDS, moved to PDS/PRPANL
2025-04-08 23:44:27.607931 - Found PRT.txt (text/plain) in CBT.V508.FILE124.PDS, moved to PDS/PRT
2025-04-08 23:44:27.608431 - Found PRTPNL00.txt (text/plain) in CBT.V508.FILE124.PDS, moved to PDS/PRTPNL00
2025-04-08 23:44:27.608943 - Found PR1.txt (text/plain) in CBT.V508.FILE124.PDS, moved to PDS/PR1
2025-04-08 23:44:27.609470 - Found PR2.txt (text/plain) in CBT.V508.FILE124.PDS, moved to PDS/PR2
2025-04-08 23:44:27.610036 - Found REGEQU.txt (text/plain) in CBT.V508.FILE124.PDS, moved to PDS/REGEQU
2025-04-08 23:44:27.610592 - Found RESETGDG.txt (text/plain) in CBT.V508.FILE124.PDS, moved to PDS/RESETGDG
2025-04-08 23:44:27.611153 - Found SCPANL.txt (text/plain) in CBT.V508.FILE124.PDS, moved to PDS/SCPANL
2025-04-08 23:44:27.611784 - Found SPF.txt (text/plain) in CBT.V508.FILE124.PDS, moved to PDS/SPF
2025-04-08 23:44:27.612329 - Found SPFDOC.txt (text/plain) in CBT.V508.FILE124.PDS, moved to PDS/SPFDOC
2025-04-08 23:44:27.612856 - Found STACK.txt (text/plain) in CBT.V508.FILE124.PDS, moved to PDS/STACK
2025-04-08 23:44:27.613406 - Found STACKDOC.txt (text/plain) in CBT.V508.FILE124.PDS, moved to PDS/STACKDOC
2025-04-08 23:44:27.613965 - Found WPROFILE.txt (text/plain) in CBT.V508.FILE124.PDS, moved to PDS/WPROFILE
2025-04-08 23:44:27.614485 - Found WSRCCEP1.txt (text/plain) in CBT.V508.FILE124.PDS, moved to PDS/WSRCCEP1
2025-04-08 23:44:27.614997 - Found WSRCCLPN.txt (text/plain) in CBT.V508.FILE124.PDS, moved to PDS/WSRCCLPN
2025-04-08 23:44:27.615582 - Found WSRCEPCL.txt (text/plain) in CBT.V508.FILE124.PDS, moved to PDS/WSRCEPCL
2025-04-08 23:44:27.616153 - Found WSRCESET.txt (text/plain) in CBT.V508.FILE124.PDS, moved to PDS/WSRCESET
2025-04-08 23:44:27.616661 - Found WSRCMDS.bin (application/octet-stream) in CBT.V508.FILE124.PDS, moved to PDS/WSRCMDS
2025-04-08 23:44:27.617225 - Found WSRCPRTC.txt (text/plain) in CBT.V508.FILE124.PDS, moved to PDS/WSRCPRTC
2025-04-08 23:44:27.617742 - Found WTP.txt (text/plain) in CBT.V508.FILE124.PDS, moved to PDS/WTP
2025-04-08 23:44:27.618311 - Found XABGN.txt (text/plain) in CBT.V508.FILE124.PDS, moved to PDS/XABGN
2025-04-08 23:44:27.618877 - Found XAFIN.txt (text/plain) in CBT.V508.FILE124.PDS, moved to PDS/XAFIN
2025-04-08 23:44:27.619447 - Found XL.txt (text/plain) in CBT.V508.FILE124.PDS, moved to PDS/XL
2025-04-08 23:44:27.620043 - Found XLN.txt (text/plain) in CBT.V508.FILE124.PDS, moved to PDS/XLN
